build/app/intermediates/manifest_merge_blame_file/debug/processDebugMainManifest/manifest-merger-blame-debug-report.txt
1<?xml version="1.0" encoding="utf-8"?>
2<manifest xmlns:android="http://schemas.android.com/apk/res/android"
3    package="com.elevate.c5.t1.fitness"
4    android:versionCode="1"
5    android:versionName="1.0.0" >
6
7    <uses-sdk
8        android:minSdkVersion="24"
9        android:targetSdkVersion="36" />
10    <!--
11         The INTERNET permission is required for development. Specifically,
12         the Flutter tool needs it to communicate with the running application
13         to allow setting breakpoints, to provide hot reload, etc.
14    -->
15    <uses-permission android:name="android.permission.INTERNET" />
15-->src\debug\AndroidManifest.xml:6:5-66
15-->src\debug\AndroidManifest.xml:6:22-64
16    <!--
17     Required to query activities that can process text, see:
18         https://developer.android.com/training/package-visibility and
19         https://developer.android.com/reference/android/content/Intent#ACTION_PROCESS_TEXT.
20
21         In particular, this is used by the Flutter engine in io.flutter.plugin.text.ProcessTextPlugin.
22    -->
23    <queries>
23-->src\main\AndroidManifest.xml:39:5-44:15
24        <intent>
24-->src\main\AndroidManifest.xml:40:9-43:18
25            <action android:name="android.intent.action.PROCESS_TEXT" />
25-->src\main\AndroidManifest.xml:41:13-72
25-->src\main\AndroidManifest.xml:41:21-70
26
27            <data android:mimeType="text/plain" />
27-->src\main\AndroidManifest.xml:42:13-50
27-->src\main\AndroidManifest.xml:42:19-48
28        </intent>
29        <!-- Needs to be explicitly declared on Android R+ -->
30        <package android:name="com.google.android.apps.maps" />
30-->[com.google.android.gms:play-services-maps:20.0.0] AndroidManifest.xml:29:7-61
30-->[com.google.android.gms:play-services-maps:20.0.0] AndroidManifest.xml:29:16-59
31    </queries>
32
33    <uses-permission android:name="android.permission.ACCESS_NETWORK_STATE" />
33-->[:firebase_analytics] AndroidManifest.xml:7:5-79
33-->[:firebase_analytics] AndroidManifest.xml:7:22-76
34    <uses-permission android:name="android.permission.WAKE_LOCK" />
34-->[:firebase_analytics] AndroidManifest.xml:9:5-68
34-->[:firebase_analytics] AndroidManifest.xml:9:22-65
35    <uses-permission android:name="android.permission.VIBRATE" />
35-->[:flutter_local_notifications] AndroidManifest.xml:7:5-66
35-->[:flutter_local_notifications] AndroidManifest.xml:7:22-63
36    <uses-permission android:name="android.permission.POST_NOTIFICATIONS" />
36-->[:flutter_local_notifications] AndroidManifest.xml:8:5-77
36-->[:flutter_local_notifications] AndroidManifest.xml:8:22-74
37
38    <uses-feature
38-->[com.google.android.gms:play-services-maps:20.0.0] AndroidManifest.xml:22:5-24:33
39        android:glEsVersion="0x00020000"
39-->[com.google.android.gms:play-services-maps:20.0.0] AndroidManifest.xml:23:8-40
40        android:required="true" /> <!-- Required by older versions of Google Play services to create IID tokens -->
40-->[com.google.android.gms:play-services-maps:20.0.0] AndroidManifest.xml:24:8-31
41    <uses-permission android:name="com.google.android.c2dm.permission.RECEIVE" />
41-->[com.google.firebase:firebase-messaging:25.1.0] AndroidManifest.xml:26:5-82
41-->[com.google.firebase:firebase-messaging:25.1.0] AndroidManifest.xml:26:22-79
42    <uses-permission android:name="com.google.android.gms.permission.AD_ID" />
42-->[com.google.android.gms:play-services-measurement-api:23.2.0] AndroidManifest.xml:25:5-79
42-->[com.google.android.gms:play-services-measurement-api:23.2.0] AndroidManifest.xml:25:22-76
43    <uses-permission android:name="android.permission.ACCESS_ADSERVICES_ATTRIBUTION" />
43-->[com.google.android.gms:play-services-measurement-api:23.2.0] AndroidManifest.xml:26:5-88
43-->[com.google.android.gms:play-services-measurement-api:23.2.0] AndroidManifest.xml:26:22-85
44    <uses-permission android:name="android.permission.ACCESS_ADSERVICES_AD_ID" />
44-->[com.google.android.gms:play-services-measurement-api:23.2.0] AndroidManifest.xml:27:5-82
44-->[com.google.android.gms:play-services-measurement-api:23.2.0] AndroidManifest.xml:27:22-79
45    <uses-permission android:name="com.google.android.finsky.permission.BIND_GET_INSTALL_REFERRER_SERVICE" />
45-->[com.google.android.gms:play-services-measurement:23.2.0] AndroidManifest.xml:26:5-110
45-->[com.google.android.gms:play-services-measurement:23.2.0] AndroidManifest.xml:26:22-107
46
47    <permission
47-->[androidx.core:core:1.18.0] AndroidManifest.xml:22:5-24:47
48        android:name="com.elevate.c5.t1.fitness.DYNAMIC_RECEIVER_NOT_EXPORTED_PERMISSION"
48-->[androidx.core:core:1.18.0] AndroidManifest.xml:23:9-81
49        android:protectionLevel="signature" />
49-->[androidx.core:core:1.18.0] AndroidManifest.xml:24:9-44
50
51    <uses-permission android:name="com.elevate.c5.t1.fitness.DYNAMIC_RECEIVER_NOT_EXPORTED_PERMISSION" />
51-->[androidx.core:core:1.18.0] AndroidManifest.xml:26:5-97
51-->[androidx.core:core:1.18.0] AndroidManifest.xml:26:22-94
52
53    <application
54        android:name="android.app.Application"
55        android:appComponentFactory="androidx.core.app.CoreComponentFactory"
55-->[androidx.core:core:1.18.0] AndroidManifest.xml:28:18-86
56        android:debuggable="true"
57        android:extractNativeLibs="false"
58        android:icon="@mipmap/ic_launcher"
59        android:label="fitness" >
60        <activity
61            android:name="com.elevate.c5.t1.fitness.MainActivity"
62            android:configChanges="orientation|keyboardHidden|keyboard|screenSize|smallestScreenSize|locale|layoutDirection|fontScale|screenLayout|density|uiMode"
63            android:exported="true"
64            android:hardwareAccelerated="true"
65            android:launchMode="singleTop"
66            android:taskAffinity=""
67            android:theme="@style/LaunchTheme"
68            android:windowSoftInputMode="adjustResize" >
69
70            <!--
71                 Specifies an Android theme to apply to this Activity as soon as
72                 the Android process has started. This theme is visible to the user
73                 while the Flutter UI initializes. After that, this theme continues
74                 to determine the Window background behind the Flutter UI.
75            -->
76            <meta-data
77                android:name="io.flutter.embedding.android.NormalTheme"
78                android:resource="@style/NormalTheme" />
79
80            <intent-filter>
81                <action android:name="android.intent.action.MAIN" />
82
83                <category android:name="android.intent.category.LAUNCHER" />
84            </intent-filter>
85        </activity>
86        <!--
87             Don't delete the meta-data below.
88             This is used by the Flutter tool to generate GeneratedPluginRegistrant.java
89        -->
90        <meta-data
91            android:name="flutterEmbedding"
92            android:value="2" />
93
94        <service
94-->[:firebase_analytics] AndroidManifest.xml:12:9-16:19
95            android:name="com.google.firebase.components.ComponentDiscoveryService"
95-->[:firebase_analytics] AndroidManifest.xml:12:18-89
96            android:directBootAware="true"
96-->[com.google.firebase:firebase-common:22.1.0] AndroidManifest.xml:32:13-43
97            android:exported="false" >
97-->[com.google.firebase:firebase-crashlytics:20.0.6] AndroidManifest.xml:14:13-37
98            <meta-data
98-->[:firebase_analytics] AndroidManifest.xml:13:13-15:85
99                android:name="com.google.firebase.components:io.flutter.plugins.firebase.analytics.FlutterFirebaseAppRegistrar"
99-->[:firebase_analytics] AndroidManifest.xml:14:17-128
100                android:value="com.google.firebase.components.ComponentRegistrar" />
100-->[:firebase_analytics] AndroidManifest.xml:15:17-82
101            <meta-data
101-->[:cloud_firestore] AndroidManifest.xml:9:13-11:85
102                android:name="com.google.firebase.components:io.flutter.plugins.firebase.firestore.FlutterFirebaseFirestoreRegistrar"
102-->[:cloud_firestore] AndroidManifest.xml:10:17-134
103                android:value="com.google.firebase.components.ComponentRegistrar" />
103-->[:cloud_firestore] AndroidManifest.xml:11:17-82
104            <meta-data
104-->[:firebase_crashlytics] AndroidManifest.xml:9:13-11:85
105                android:name="com.google.firebase.components:io.flutter.plugins.firebase.crashlytics.FlutterFirebaseAppRegistrar"
105-->[:firebase_crashlytics] AndroidManifest.xml:10:17-130
106                android:value="com.google.firebase.components.ComponentRegistrar" />
106-->[:firebase_crashlytics] AndroidManifest.xml:11:17-82
107            <meta-data
107-->[:firebase_messaging] AndroidManifest.xml:36:13-38:85
108                android:name="com.google.firebase.components:io.flutter.plugins.firebase.messaging.FlutterFirebaseAppRegistrar"
108-->[:firebase_messaging] AndroidManifest.xml:37:17-128
109                android:value="com.google.firebase.components.ComponentRegistrar" />
109-->[:firebase_messaging] AndroidManifest.xml:38:17-82
110            <meta-data
110-->[:firebase_core] AndroidManifest.xml:9:13-11:85
111                android:name="com.google.firebase.components:io.flutter.plugins.firebase.core.FlutterFirebaseCoreRegistrar"
111-->[:firebase_core] AndroidManifest.xml:10:17-124
112                android:value="com.google.firebase.components.ComponentRegistrar" />
112-->[:firebase_core] AndroidManifest.xml:11:17-82
113            <meta-data
113-->[com.google.firebase:firebase-crashlytics:20.0.6] AndroidManifest.xml:15:13-17:85
114                android:name="com.google.firebase.components:com.google.firebase.crashlytics.FirebaseCrashlyticsKtxRegistrar"
114-->[com.google.firebase:firebase-crashlytics:20.0.6] AndroidManifest.xml:16:17-126
115                android:value="com.google.firebase.components.ComponentRegistrar" />
115-->[com.google.firebase:firebase-crashlytics:20.0.6] AndroidManifest.xml:17:17-82
116            <meta-data
116-->[com.google.firebase:firebase-crashlytics:20.0.6] AndroidManifest.xml:18:13-20:85
117                android:name="com.google.firebase.components:com.google.firebase.crashlytics.CrashlyticsRegistrar"
117-->[com.google.firebase:firebase-crashlytics:20.0.6] AndroidManifest.xml:19:17-115
118                android:value="com.google.firebase.components.ComponentRegistrar" />
118-->[com.google.firebase:firebase-crashlytics:20.0.6] AndroidManifest.xml:20:17-82
119            <meta-data
119-->[com.google.firebase:firebase-firestore:26.4.0] AndroidManifest.xml:17:13-19:85
120                android:name="com.google.firebase.components:com.google.firebase.firestore.FirebaseFirestoreKtxRegistrar"
120-->[com.google.firebase:firebase-firestore:26.4.0] AndroidManifest.xml:18:17-122
121                android:value="com.google.firebase.components.ComponentRegistrar" />
121-->[com.google.firebase:firebase-firestore:26.4.0] AndroidManifest.xml:19:17-82
122            <meta-data
122-->[com.google.firebase:firebase-firestore:26.4.0] AndroidManifest.xml:20:13-22:85
123                android:name="com.google.firebase.components:com.google.firebase.firestore.FirestoreRegistrar"
123-->[com.google.firebase:firebase-firestore:26.4.0] AndroidManifest.xml:21:17-111
124                android:value="com.google.firebase.components.ComponentRegistrar" />
124-->[com.google.firebase:firebase-firestore:26.4.0] AndroidManifest.xml:22:17-82
125            <meta-data
125-->[com.google.firebase:firebase-messaging:25.1.0] AndroidManifest.xml:57:13-59:85
126                android:name="com.google.firebase.components:com.google.firebase.messaging.FirebaseMessagingKtxRegistrar"
126-->[com.google.firebase:firebase-messaging:25.1.0] AndroidManifest.xml:58:17-122
127                android:value="com.google.firebase.components.ComponentRegistrar" />
127-->[com.google.firebase:firebase-messaging:25.1.0] AndroidManifest.xml:59:17-82
128            <meta-data
128-->[com.google.firebase:firebase-messaging:25.1.0] AndroidManifest.xml:60:13-62:85
129                android:name="com.google.firebase.components:com.google.firebase.messaging.FirebaseMessagingRegistrar"
129-->[com.google.firebase:firebase-messaging:25.1.0] AndroidManifest.xml:61:17-119
130                android:value="com.google.firebase.components.ComponentRegistrar" />
130-->[com.google.firebase:firebase-messaging:25.1.0] AndroidManifest.xml:62:17-82
131            <meta-data
131-->[com.google.android.gms:play-services-measurement-api:23.2.0] AndroidManifest.xml:33:13-35:85
132                android:name="com.google.firebase.components:com.google.firebase.analytics.connector.internal.AnalyticsConnectorRegistrar"
132-->[com.google.android.gms:play-services-measurement-api:23.2.0] AndroidManifest.xml:34:17-139
133                android:value="com.google.firebase.components.ComponentRegistrar" />
133-->[com.google.android.gms:play-services-measurement-api:23.2.0] AndroidManifest.xml:35:17-82
134            <meta-data
134-->[com.google.firebase:firebase-sessions:3.0.6] AndroidManifest.xml:29:13-31:85
135                android:name="com.google.firebase.components:com.google.firebase.sessions.FirebaseSessionsRegistrar"
135-->[com.google.firebase:firebase-sessions:3.0.6] AndroidManifest.xml:30:17-117
136                android:value="com.google.firebase.components.ComponentRegistrar" />
136-->[com.google.firebase:firebase-sessions:3.0.6] AndroidManifest.xml:31:17-82
137            <meta-data
137-->[com.google.firebase:firebase-installations:19.1.1] AndroidManifest.xml:15:13-17:85
138                android:name="com.google.firebase.components:com.google.firebase.installations.FirebaseInstallationsKtxRegistrar"
138-->[com.google.firebase:firebase-installations:19.1.1] AndroidManifest.xml:16:17-130
139                android:value="com.google.firebase.components.ComponentRegistrar" />
139-->[com.google.firebase:firebase-installations:19.1.1] AndroidManifest.xml:17:17-82
140            <meta-data
140-->[com.google.firebase:firebase-installations:19.1.1] AndroidManifest.xml:18:13-20:85
141                android:name="com.google.firebase.components:com.google.firebase.installations.FirebaseInstallationsRegistrar"
141-->[com.google.firebase:firebase-installations:19.1.1] AndroidManifest.xml:19:17-127
142                android:value="com.google.firebase.components.ComponentRegistrar" />
142-->[com.google.firebase:firebase-installations:19.1.1] AndroidManifest.xml:20:17-82
143            <meta-data
143-->[com.google.firebase:firebase-common:22.1.0] AndroidManifest.xml:35:13-37:85
144                android:name="com.google.firebase.components:com.google.firebase.FirebaseCommonKtxRegistrar"
144-->[com.google.firebase:firebase-common:22.1.0] AndroidManifest.xml:36:17-109
145                android:value="com.google.firebase.components.ComponentRegistrar" />
145-->[com.google.firebase:firebase-common:22.1.0] AndroidManifest.xml:37:17-82
146            <meta-data
146-->[com.google.firebase:firebase-datatransport:19.0.0] AndroidManifest.xml:25:13-27:85
147                android:name="com.google.firebase.components:com.google.firebase.datatransport.TransportRegistrar"
147-->[com.google.firebase:firebase-datatransport:19.0.0] AndroidManifest.xml:26:17-115
148                android:value="com.google.firebase.components.ComponentRegistrar" />
148-->[com.google.firebase:firebase-datatransport:19.0.0] AndroidManifest.xml:27:17-82
149        </service>
150
151        <uses-library
151-->[:google_maps_flutter_android] AndroidManifest.xml:8:9-10:40
152            android:name="org.apache.http.legacy"
152-->[:google_maps_flutter_android] AndroidManifest.xml:9:13-50
153            android:required="false" />
153-->[:google_maps_flutter_android] AndroidManifest.xml:10:13-37
154
155        <provider
155-->[:image_picker_android] AndroidManifest.xml:9:9-17:20
156            android:name="io.flutter.plugins.imagepicker.ImagePickerFileProvider"
156-->[:image_picker_android] AndroidManifest.xml:10:13-82
157            android:authorities="com.elevate.c5.t1.fitness.flutter.image_provider"
157-->[:image_picker_android] AndroidManifest.xml:11:13-74
158            android:exported="false"
158-->[:image_picker_android] AndroidManifest.xml:12:13-37
159            android:grantUriPermissions="true" >
159-->[:image_picker_android] AndroidManifest.xml:13:13-47
160            <meta-data
160-->[:image_picker_android] AndroidManifest.xml:14:13-16:75
161                android:name="android.support.FILE_PROVIDER_PATHS"
161-->[:image_picker_android] AndroidManifest.xml:15:17-67
162                android:resource="@xml/flutter_image_picker_file_paths" />
162-->[:image_picker_android] AndroidManifest.xml:16:17-72
163        </provider> <!-- Trigger Google Play services to install the backported photo picker module. -->
164        <service
164-->[:image_picker_android] AndroidManifest.xml:19:9-31:19
165            android:name="com.google.android.gms.metadata.ModuleDependencies"
165-->[:image_picker_android] AndroidManifest.xml:20:13-78
166            android:enabled="false"
166-->[:image_picker_android] AndroidManifest.xml:21:13-36
167            android:exported="false" >
167-->[:image_picker_android] AndroidManifest.xml:22:13-37
168            <intent-filter>
168-->[:image_picker_android] AndroidManifest.xml:24:13-26:29
169                <action android:name="com.google.android.gms.metadata.MODULE_DEPENDENCIES" />
169-->[:image_picker_android] AndroidManifest.xml:25:17-94
169-->[:image_picker_android] AndroidManifest.xml:25:25-91
170            </intent-filter>
171
172            <meta-data
172-->[:image_picker_android] AndroidManifest.xml:28:13-30:36
173                android:name="photopicker_activity:0:required"
173-->[:image_picker_android] AndroidManifest.xml:29:17-63
174                android:value="" />
174-->[:image_picker_android] AndroidManifest.xml:30:17-33
175        </service>
176
177        <activity
177-->[:url_launcher_android] AndroidManifest.xml:8:9-11:74
178            android:name="io.flutter.plugins.urllauncher.WebViewActivity"
178-->[:url_launcher_android] AndroidManifest.xml:9:13-74
179            android:exported="false"
179-->[:url_launcher_android] AndroidManifest.xml:10:13-37
180            android:theme="@android:style/Theme.NoTitleBar.Fullscreen" />
180-->[:url_launcher_android] AndroidManifest.xml:11:13-71
181
182        <service
182-->[:geolocator_android] AndroidManifest.xml:8:9-12:56
183            android:name="com.baseflow.geolocator.GeolocatorLocationService"
183-->[:geolocator_android] AndroidManifest.xml:9:13-77
184            android:enabled="true"
184-->[:geolocator_android] AndroidManifest.xml:10:13-35
185            android:exported="false"
185-->[:geolocator_android] AndroidManifest.xml:11:13-37
186            android:foregroundServiceType="location" />
186-->[:geolocator_android] AndroidManifest.xml:12:13-53
187        <service
187-->[:firebase_messaging] AndroidManifest.xml:14:9-17:72
188            android:name="io.flutter.plugins.firebase.messaging.FlutterFirebaseMessagingBackgroundService"
188-->[:firebase_messaging] AndroidManifest.xml:15:13-107
189            android:exported="false"
189-->[:firebase_messaging] AndroidManifest.xml:16:13-37
190            android:permission="android.permission.BIND_JOB_SERVICE" />
190-->[:firebase_messaging] AndroidManifest.xml:17:13-69
191        <service
191-->[:firebase_messaging] AndroidManifest.xml:18:9-24:19
192            android:name="io.flutter.plugins.firebase.messaging.FlutterFirebaseMessagingService"
192-->[:firebase_messaging] AndroidManifest.xml:19:13-97
193            android:exported="false" >
193-->[:firebase_messaging] AndroidManifest.xml:20:13-37
194            <intent-filter>
194-->[:firebase_messaging] AndroidManifest.xml:21:13-23:29
195                <action android:name="com.google.firebase.MESSAGING_EVENT" />
195-->[:firebase_messaging] AndroidManifest.xml:22:17-78
195-->[:firebase_messaging] AndroidManifest.xml:22:25-75
196            </intent-filter>
197        </service>
198
199        <receiver
199-->[:firebase_messaging] AndroidManifest.xml:26:9-33:20
200            android:name="io.flutter.plugins.firebase.messaging.FlutterFirebaseMessagingReceiver"
200-->[:firebase_messaging] AndroidManifest.xml:27:13-98
201            android:exported="true"
201-->[:firebase_messaging] AndroidManifest.xml:28:13-36
202            android:permission="com.google.android.c2dm.permission.SEND" >
202-->[:firebase_messaging] AndroidManifest.xml:29:13-73
203            <intent-filter>
203-->[:firebase_messaging] AndroidManifest.xml:30:13-32:29
204                <action android:name="com.google.android.c2dm.intent.RECEIVE" />
204-->[:firebase_messaging] AndroidManifest.xml:31:17-81
204-->[:firebase_messaging] AndroidManifest.xml:31:25-78
205            </intent-filter>
206        </receiver>
207
208        <provider
208-->[:firebase_messaging] AndroidManifest.xml:41:9-45:38
209            android:name="io.flutter.plugins.firebase.messaging.FlutterFirebaseMessagingInitProvider"
209-->[:firebase_messaging] AndroidManifest.xml:42:13-102
210            android:authorities="com.elevate.c5.t1.fitness.flutterfirebasemessaginginitprovider"
210-->[:firebase_messaging] AndroidManifest.xml:43:13-88
211            android:exported="false"
211-->[:firebase_messaging] AndroidManifest.xml:44:13-37
212            android:initOrder="99" />
212-->[:firebase_messaging] AndroidManifest.xml:45:13-35
213
214        <uses-library
214-->[androidx.window:window:1.2.0] AndroidManifest.xml:23:9-25:40
215            android:name="androidx.window.extensions"
215-->[androidx.window:window:1.2.0] AndroidManifest.xml:24:13-54
216            android:required="false" />
216-->[androidx.window:window:1.2.0] AndroidManifest.xml:25:13-37
217        <uses-library
217-->[androidx.window:window:1.2.0] AndroidManifest.xml:26:9-28:40
218            android:name="androidx.window.sidecar"
218-->[androidx.window:window:1.2.0] AndroidManifest.xml:27:13-51
219            android:required="false" />
219-->[androidx.window:window:1.2.0] AndroidManifest.xml:28:13-37
220
221        <meta-data
221-->[com.google.maps.android:android-maps-utils:4.1.0] AndroidManifest.xml:24:9-26:69
222            android:name="com.google.android.gms.version"
222-->[com.google.maps.android:android-maps-utils:4.1.0] AndroidManifest.xml:25:13-58
223            android:value="@integer/google_play_services_version" />
223-->[com.google.maps.android:android-maps-utils:4.1.0] AndroidManifest.xml:26:13-66
224
225        <provider
225-->[com.google.maps.android:android-maps-utils:4.1.0] AndroidManifest.xml:28:9-36:20
226            android:name="androidx.startup.InitializationProvider"
226-->[com.google.maps.android:android-maps-utils:4.1.0] AndroidManifest.xml:29:13-67
227            android:authorities="com.elevate.c5.t1.fitness.androidx-startup"
227-->[com.google.maps.android:android-maps-utils:4.1.0] AndroidManifest.xml:30:13-68
228            android:exported="false" >
228-->[com.google.maps.android:android-maps-utils:4.1.0] AndroidManifest.xml:31:13-37
229            <meta-data
229-->[com.google.maps.android:android-maps-utils:4.1.0] AndroidManifest.xml:33:13-35:52
230                android:name="com.google.maps.android.utils.attribution.AttributionIdInitializer"
230-->[com.google.maps.android:android-maps-utils:4.1.0] AndroidManifest.xml:34:17-98
231                android:value="androidx.startup" />
231-->[com.google.maps.android:android-maps-utils:4.1.0] AndroidManifest.xml:35:17-49
232            <meta-data
232-->[androidx.emoji2:emoji2:1.3.0] AndroidManifest.xml:29:13-31:52
233                android:name="androidx.emoji2.text.EmojiCompatInitializer"
233-->[androidx.emoji2:emoji2:1.3.0] AndroidManifest.xml:30:17-75
234                android:value="androidx.startup" />
234-->[androidx.emoji2:emoji2:1.3.0] AndroidManifest.xml:31:17-49
235            <meta-data
235-->[androidx.lifecycle:lifecycle-process:2.7.0] AndroidManifest.xml:29:13-31:52
236                android:name="androidx.lifecycle.ProcessLifecycleInitializer"
236-->[androidx.lifecycle:lifecycle-process:2.7.0] AndroidManifest.xml:30:17-78
237                android:value="androidx.startup" />
237-->[androidx.lifecycle:lifecycle-process:2.7.0] AndroidManifest.xml:31:17-49
238            <meta-data
238-->[androidx.profileinstaller:profileinstaller:1.4.0] AndroidManifest.xml:29:13-31:52
239                android:name="androidx.profileinstaller.ProfileInstallerInitializer"
239-->[androidx.profileinstaller:profileinstaller:1.4.0] AndroidManifest.xml:30:17-85
240                android:value="androidx.startup" />
240-->[androidx.profileinstaller:profileinstaller:1.4.0] AndroidManifest.xml:31:17-49
241        </provider>
242
243        <receiver
243-->[com.google.firebase:firebase-messaging:25.1.0] AndroidManifest.xml:29:9-40:20
244            android:name="com.google.firebase.iid.FirebaseInstanceIdReceiver"
244-->[com.google.firebase:firebase-messaging:25.1.0] AndroidManifest.xml:30:13-78
245            android:exported="true"
245-->[com.google.firebase:firebase-messaging:25.1.0] AndroidManifest.xml:31:13-36
246            android:permission="com.google.android.c2dm.permission.SEND" >
246-->[com.google.firebase:firebase-messaging:25.1.0] AndroidManifest.xml:32:13-73
247            <intent-filter>
247-->[:firebase_messaging] AndroidManifest.xml:30:13-32:29
248                <action android:name="com.google.android.c2dm.intent.RECEIVE" />
248-->[:firebase_messaging] AndroidManifest.xml:31:17-81
248-->[:firebase_messaging] AndroidManifest.xml:31:25-78
249            </intent-filter>
250
251            <meta-data
251-->[com.google.firebase:firebase-messaging:25.1.0] AndroidManifest.xml:37:13-39:40
252                android:name="com.google.android.gms.cloudmessaging.FINISHED_AFTER_HANDLED"
252-->[com.google.firebase:firebase-messaging:25.1.0] AndroidManifest.xml:38:17-92
253                android:value="true" />
253-->[com.google.firebase:firebase-messaging:25.1.0] AndroidManifest.xml:39:17-37
254        </receiver>
255        <!--
256             FirebaseMessagingService performs security checks at runtime,
257             but set to not exported to explicitly avoid allowing another app to call it.
258        -->
259        <service
259-->[com.google.firebase:firebase-messaging:25.1.0] AndroidManifest.xml:46:9-53:19
260            android:name="com.google.firebase.messaging.FirebaseMessagingService"
260-->[com.google.firebase:firebase-messaging:25.1.0] AndroidManifest.xml:47:13-82
261            android:directBootAware="true"
261-->[com.google.firebase:firebase-messaging:25.1.0] AndroidManifest.xml:48:13-43
262            android:exported="false" >
262-->[com.google.firebase:firebase-messaging:25.1.0] AndroidManifest.xml:49:13-37
263            <intent-filter android:priority="-500" >
263-->[:firebase_messaging] AndroidManifest.xml:21:13-23:29
264                <action android:name="com.google.firebase.MESSAGING_EVENT" />
264-->[:firebase_messaging] AndroidManifest.xml:22:17-78
264-->[:firebase_messaging] AndroidManifest.xml:22:25-75
265            </intent-filter>
266        </service>
267        <service
267-->[com.google.firebase:firebase-sessions:3.0.6] AndroidManifest.xml:22:9-25:40
268            android:name="com.google.firebase.sessions.SessionLifecycleService"
268-->[com.google.firebase:firebase-sessions:3.0.6] AndroidManifest.xml:23:13-80
269            android:enabled="false"
269-->[com.google.firebase:firebase-sessions:3.0.6] AndroidManifest.xml:24:13-36
270            android:exported="false" />
270-->[com.google.firebase:firebase-sessions:3.0.6] AndroidManifest.xml:25:13-37
271
272        <provider
272-->[com.google.firebase:firebase-common:22.1.0] AndroidManifest.xml:23:9-28:39
273            android:name="com.google.firebase.provider.FirebaseInitProvider"
273-->[com.google.firebase:firebase-common:22.1.0] AndroidManifest.xml:24:13-77
274            android:authorities="com.elevate.c5.t1.fitness.firebaseinitprovider"
274-->[com.google.firebase:firebase-common:22.1.0] AndroidManifest.xml:25:13-72
275            android:directBootAware="true"
275-->[com.google.firebase:firebase-common:22.1.0] AndroidManifest.xml:26:13-43
276            android:exported="false"
276-->[com.google.firebase:firebase-common:22.1.0] AndroidManifest.xml:27:13-37
277            android:initOrder="100" />
277-->[com.google.firebase:firebase-common:22.1.0] AndroidManifest.xml:28:13-36
278
279        <receiver
279-->[com.google.android.gms:play-services-measurement:23.2.0] AndroidManifest.xml:29:9-33:20
280            android:name="com.google.android.gms.measurement.AppMeasurementReceiver"
280-->[com.google.android.gms:play-services-measurement:23.2.0] AndroidManifest.xml:30:13-85
281            android:enabled="true"
281-->[com.google.android.gms:play-services-measurement:23.2.0] AndroidManifest.xml:31:13-35
282            android:exported="false" >
282-->[com.google.android.gms:play-services-measurement:23.2.0] AndroidManifest.xml:32:13-37
283        </receiver>
284
285        <service
285-->[com.google.android.gms:play-services-measurement:23.2.0] AndroidManifest.xml:35:9-38:40
286            android:name="com.google.android.gms.measurement.AppMeasurementService"
286-->[com.google.android.gms:play-services-measurement:23.2.0] AndroidManifest.xml:36:13-84
287            android:enabled="true"
287-->[com.google.android.gms:play-services-measurement:23.2.0] AndroidManifest.xml:37:13-35
288            android:exported="false" />
288-->[com.google.android.gms:play-services-measurement:23.2.0] AndroidManifest.xml:38:13-37
289        <service
289-->[com.google.android.gms:play-services-measurement:23.2.0] AndroidManifest.xml:39:9-43:72
290            android:name="com.google.android.gms.measurement.AppMeasurementJobService"
290-->[com.google.android.gms:play-services-measurement:23.2.0] AndroidManifest.xml:40:13-87